<component name="libraryTable">
  <library name="junit.jupiter.engine" type="repository">
    <properties maven-id="org.junit.jupiter:junit-jupiter-engine:5.9.2" />
    <CLASSES />
    <JAVADOC />
    <SOURCES />
  </library>
</component>